c:\users\newtn\desktop\labtime\cse287lab5\cse287raytrace\x64\release\vc142.pdb
c:\users\newtn\desktop\labtime\cse287lab5\cse287raytrace\x64\release\texturecoordinatefunctions.obj
c:\users\newtn\desktop\labtime\cse287lab5\cse287raytrace\x64\release\implictsurface.obj
c:\users\newtn\desktop\labtime\cse287lab5\cse287raytrace\x64\release\sphere.obj
c:\users\newtn\desktop\labtime\cse287lab5\cse287raytrace\x64\release\cylinder.obj
c:\users\newtn\desktop\labtime\cse287lab5\cse287raytrace\x64\release\raytracer.obj
c:\users\newtn\desktop\labtime\cse287lab5\cse287raytrace\x64\release\quadricsurface.obj
c:\users\newtn\desktop\labtime\cse287lab5\cse287raytrace\x64\release\lab.obj
c:\users\newtn\desktop\labtime\cse287lab5\cse287raytrace\x64\release\plane.obj
c:\users\newtn\desktop\labtime\cse287lab5\cse287raytrace\x64\release\ellipsoid.obj
c:\users\newtn\desktop\labtime\cse287lab5\x64\release\cse287raytrace.ipdb
c:\users\newtn\desktop\labtime\cse287lab5\x64\release\cse287raytrace.iobj
c:\users\newtn\desktop\labtime\cse287lab5\x64\release\cse287raytrace.exe
c:\users\newtn\desktop\labtime\cse287lab5\x64\release\cse287raytrace.pdb
c:\users\newtn\desktop\labtime\cse287lab5\cse287raytrace\x64\release\cse287raytrace.tlog\cl.command.1.tlog
c:\users\newtn\desktop\labtime\cse287lab5\cse287raytrace\x64\release\cse287raytrace.tlog\cl.read.1.tlog
c:\users\newtn\desktop\labtime\cse287lab5\cse287raytrace\x64\release\cse287raytrace.tlog\cl.write.1.tlog
c:\users\newtn\desktop\labtime\cse287lab5\cse287raytrace\x64\release\cse287raytrace.tlog\cse287raytrace.write.1u.tlog
c:\users\newtn\desktop\labtime\cse287lab5\cse287raytrace\x64\release\cse287raytrace.tlog\link.command.1.tlog
c:\users\newtn\desktop\labtime\cse287lab5\cse287raytrace\x64\release\cse287raytrace.tlog\link.delete.1.tlog
c:\users\newtn\desktop\labtime\cse287lab5\cse287raytrace\x64\release\cse287raytrace.tlog\link.read.1.tlog
c:\users\newtn\desktop\labtime\cse287lab5\cse287raytrace\x64\release\cse287raytrace.tlog\link.write.1.tlog
