c:\users\bachmaer\desktop\cse287raytrace\cse287common\x64\debug\cse287common.pdb
c:\users\bachmaer\desktop\cse287raytrace\cse287common\x64\debug\cse287common.idb
c:\users\bachmaer\desktop\cse287raytrace\cse287common\x64\debug\textureimage.obj
c:\users\bachmaer\desktop\cse287raytrace\cse287common\x64\debug\texturecoordinatefunctions.obj
c:\users\bachmaer\desktop\cse287raytrace\cse287common\x64\debug\material.obj
c:\users\bachmaer\desktop\cse287raytrace\cse287common\x64\debug\framebuffer.obj
c:\users\bachmaer\desktop\cse287raytrace\cse287common\x64\debug\defines.obj
c:\users\bachmaer\desktop\cse287lab1\cse287lab1\cse287common\x64\debug\cse287common.pdb
c:\users\bachmaer\desktop\cse287lab1\cse287lab1\cse287common\x64\debug\cse287common.idb
c:\users\bachmaer\desktop\cse287lab1\cse287lab1\cse287common\x64\debug\framebuffer.obj
c:\users\bachmaer\desktop\cse287lab1\cse287lab1\cse287common\x64\debug\defines.obj
c:\users\bachmaer\desktop\cse287raytrace\x64\debug\cse287common.lib
c:\users\bachmaer\desktop\cse287lab1\cse287lab1\x64\debug\cse287common.lib
c:\users\bachmaer\desktop\cse287lab1\cse287lab1\cse287common\x64\debug\material.obj
c:\users\bachmaer\desktop\cse287lab1\cse287lab1\cse287common\x64\debug\texturecoordinatefunctions.obj
c:\users\bachmaer\desktop\cse287lab1\cse287lab1\cse287common\x64\debug\textureimage.obj
c:\users\bachmaer\desktop\cse287lab1\cse287lab1\x64\debug\cse287common.pdb
c:\users\bachmaer\desktop\cse287lab1\cse287lab1\cse287common\x64\debug\cse287common.tlog\cl.command.1.tlog
c:\users\bachmaer\desktop\cse287lab1\cse287lab1\cse287common\x64\debug\cse287common.tlog\cl.read.1.tlog
c:\users\bachmaer\desktop\cse287lab1\cse287lab1\cse287common\x64\debug\cse287common.tlog\cl.write.1.tlog
c:\users\bachmaer\desktop\cse287lab1\cse287lab1\cse287common\x64\debug\cse287common.tlog\lib-link.read.1.tlog
c:\users\bachmaer\desktop\cse287lab1\cse287lab1\cse287common\x64\debug\cse287common.tlog\lib-link.write.1.tlog
c:\users\bachmaer\desktop\cse287lab1\cse287lab1\cse287common\x64\debug\cse287common.tlog\lib.command.1.tlog
