model name	: Intel(R) Core(TM) i7-4790 CPU @ 3.60GHz
MemTotal:        8071544 kB
Done processing unroll.cpp
Total errors found: 0
Standard() method result = -9071744077459551616
Standard() method result = -9071744077459551616
Standard() method result = -9071744077459551616
Standard() method result = -9071744077459551616
Standard() method result = -9071744077459551616
Standard() method result = -9071744077459551616
Standard() method result = -9071744077459551616
Standard() method result = -9071744077459551616
Standard() method result = -9071744077459551616
Standard() method result = -9071744077459551616
Standard() method result = -9071744077459551616
Standard() method result = -9071744077459551616
Standard() method result = -9071744077459551616
Standard() method result = -9071744077459551616
Standard() method result = -9071744077459551616
model name	: Intel(R) Core(TM) i7-4790 CPU @ 3.60GHz
MemTotal:        8071544 kB
Done processing unroll.cpp
Total errors found: 0
Standard() method result = -9071744077459551616
Standard() method result = -9071744077459551616
Standard() method result = -9071744077459551616
Standard() method result = -9071744077459551616
Standard() method result = -9071744077459551616
unrolled() method result = -9071744077459551616
unrolled() method result = -9071744077459551616
unrolled() method result = -9071744077459551616
unrolled() method result = -9071744077459551616
unrolled() method result = -9071744077459551616
Standard() method result = -9071744077459551616
Standard() method result = -9071744077459551616
Standard() method result = -9071744077459551616
Standard() method result = -9071744077459551616
Standard() method result = -9071744077459551616
